0 info it worked if it ends with ok
1 verbose cli [ '/Users/Amit_Kaspi/.nvm/versions/node/v6.9.2/bin/node',
1 verbose cli   '/Users/Amit_Kaspi/.nvm/versions/node/v6.9.2/bin/npm',
1 verbose cli   'run',
1 verbose cli   'posttest' ]
2 info using npm@3.10.9
3 info using node@v6.9.2
4 verbose run-script [ 'posttest' ]
5 info lifecycle mobx-kickstart-excel@1.0.0~posttest: mobx-kickstart-excel@1.0.0
6 verbose lifecycle mobx-kickstart-excel@1.0.0~posttest: unsafe-perm in lifecycle true
7 verbose lifecycle mobx-kickstart-excel@1.0.0~posttest: PATH: /Users/Amit_Kaspi/.nvm/versions/node/v6.9.2/lib/node_modules/npm/bin/node-gyp-bin:/Users/Amit_Kaspi/projects/mobx-kickstart-excel/node_modules/.bin:/Users/Amit_Kaspi/.nvm/versions/node/v6.9.2/bin:/usr/local/bin:/usr/bin:/bin:/usr/sbin:/sbin:/usr/local/bin/node:/usr/local/bin/npm
8 verbose lifecycle mobx-kickstart-excel@1.0.0~posttest: CWD: /Users/Amit_Kaspi/projects/mobx-kickstart-excel
9 silly lifecycle mobx-kickstart-excel@1.0.0~posttest: Args: [ '-c', 'yoshi lint --fix' ]
10 silly lifecycle mobx-kickstart-excel@1.0.0~posttest: Returned: code: 1  signal: null
11 info lifecycle mobx-kickstart-excel@1.0.0~posttest: Failed to exec posttest script
12 verbose stack Error: mobx-kickstart-excel@1.0.0 posttest: `yoshi lint --fix`
12 verbose stack Exit status 1
12 verbose stack     at EventEmitter.<anonymous> (/Users/Amit_Kaspi/.nvm/versions/node/v6.9.2/lib/node_modules/npm/lib/utils/lifecycle.js:255:16)
12 verbose stack     at emitTwo (events.js:106:13)
12 verbose stack     at EventEmitter.emit (events.js:191:7)
12 verbose stack     at ChildProcess.<anonymous> (/Users/Amit_Kaspi/.nvm/versions/node/v6.9.2/lib/node_modules/npm/lib/utils/spawn.js:40:14)
12 verbose stack     at emitTwo (events.js:106:13)
12 verbose stack     at ChildProcess.emit (events.js:191:7)
12 verbose stack     at maybeClose (internal/child_process.js:877:16)
12 verbose stack     at Process.ChildProcess._handle.onexit (internal/child_process.js:226:5)
13 verbose pkgid mobx-kickstart-excel@1.0.0
14 verbose cwd /Users/Amit_Kaspi/projects/mobx-kickstart-excel
15 error Darwin 16.6.0
16 error argv "/Users/Amit_Kaspi/.nvm/versions/node/v6.9.2/bin/node" "/Users/Amit_Kaspi/.nvm/versions/node/v6.9.2/bin/npm" "run" "posttest"
17 error node v6.9.2
18 error npm  v3.10.9
19 error code ELIFECYCLE
20 error mobx-kickstart-excel@1.0.0 posttest: `yoshi lint --fix`
20 error Exit status 1
21 error Failed at the mobx-kickstart-excel@1.0.0 posttest script 'yoshi lint --fix'.
21 error Make sure you have the latest version of node.js and npm installed.
21 error If you do, this is most likely a problem with the mobx-kickstart-excel package,
21 error not with npm itself.
21 error Tell the author that this fails on your system:
21 error     yoshi lint --fix
21 error You can get information on how to open an issue for this project with:
21 error     npm bugs mobx-kickstart-excel
21 error Or if that isn't available, you can get their info via:
21 error     npm owner ls mobx-kickstart-excel
21 error There is likely additional logging output above.
22 verbose exit [ 1, true ]
